<?xml version="1.0" encoding="UTF-8" ?>
<testsuite tests="7" failures="0" name="com.krieger.hoeffner.e2e.support.TestRunner" time="5.922" errors="0" skipped="0">
  <properties>
[...]
</properties>
  <testcase classname="My newsletter subscription is in progress" name="I load the login page" time="3.144"/>
  <testcase classname="My newsletter subscription is in progress" name="I accept cookies on the login page" time="0.057"/>
  <testcase classname="My newsletter subscription is in progress" name="I see the newsletter subscription input field" time="0.123"/>
  <testcase classname="My newsletter subscription is in progress" name="I enter the email for &quot;user1&quot; in the newsletter subscription input field" time="0.114"/>
  <testcase classname="My newsletter subscription is in progress" name="I click on the Send button" time="0.061"/>
  <testcase classname="My newsletter subscription is in progress" name="I see a confirmation message that my newsletter subscription is in progress" time="1.182"/>
  <testcase classname="My newsletter subscription is in progress" name="My newsletter subscription is in progress" time="1.241"/>
</testsuite>